<?xml version="1.0" encoding="UTF-8"?>
<robot generator="Robot 3.2.2 (Python 3.9.1 on darwin)" generated="20210418 16:10:08.272" rpa="false">
<suite id="s1" name="ChooseACategoryTest" source="/Users/trinhtran/Desktop/testRF/ChooseACategoryTest.robot">
<test id="s1-t1" name="Choose Green category">
<kw name="Open Application" library="AppiumLibrary">
<doc>Opens a new application to given Appium server.
Capabilities of appium server, Android and iOS,
Please check https://github.com/appium/appium/blob/master/docs/en/writing-running-appium/server-args.md
| *Option*            | *Man.* | *Description*     |
| remote_url          | Yes    | Appium server url |
| alias               | no     | alias             |</doc>
<arguments>
<arg>http://localhost:4723/wd/hub</arg>
<arg>udid=E2B46921-37B2-46D0-A97C-B783CD45706F</arg>
<arg>platformName=iOS</arg>
<arg>deviceName=iPhone 11</arg>
<arg>automationName=XCUITest</arg>
<arg>app=//Users//trinhtran//Desktop//ZalandoAssignment.app</arg>
</arguments>
<status status="PASS" starttime="20210418 16:10:08.477" endtime="20210418 16:10:13.319"></status>
</kw>
<kw name="Wait Until Page Contains Element" library="AppiumLibrary">
<doc>Waits until element specified with `locator` appears on current page.</doc>
<arguments>
<arg>${page-titile}</arg>
</arguments>
<status status="PASS" starttime="20210418 16:10:13.319" endtime="20210418 16:10:13.632"></status>
</kw>
<kw name="Click Element" library="AppiumLibrary">
<doc>Click element identified by `locator`.</doc>
<arguments>
<arg>${greeen-category}</arg>
</arguments>
<msg timestamp="20210418 16:10:13.633" level="INFO">Clicking element 'xpath=//XCUIElementTypeApplication[@name="ZalandoAssignment"]/XCUIElementTypeWindow/XCUIElementTypeOther/XCUIElementTypeOther/XCUIElementTypeOther/XCUIElementTypeOther/XCUIElementTypeOther/XCUIElementTypeOther/XCUIElementTypeTable/XCUIElementTypeCell[1]/XCUIElementTypeOther[1]/XCUIElementTypeOther'.</msg>
<status status="PASS" starttime="20210418 16:10:13.632" endtime="20210418 16:10:14.163"></status>
</kw>
<kw name="Wait Until Page Contains Element" library="AppiumLibrary">
<doc>Waits until element specified with `locator` appears on current page.</doc>
<arguments>
<arg>${green-page-title}</arg>
</arguments>
<status status="PASS" starttime="20210418 16:10:14.163" endtime="20210418 16:10:14.877"></status>
</kw>
<kw name="Click Element" library="AppiumLibrary">
<doc>Click element identified by `locator`.</doc>
<arguments>
<arg>${back-button}</arg>
</arguments>
<msg timestamp="20210418 16:10:14.879" level="INFO">Clicking element 'nsp=name=="Choose a category"'.</msg>
<status status="PASS" starttime="20210418 16:10:14.878" endtime="20210418 16:10:15.522"></status>
</kw>
<status status="PASS" starttime="20210418 16:10:08.477" endtime="20210418 16:10:15.522" critical="yes"></status>
</test>
<test id="s1-t2" name="Suite Teardown">
<kw name="Close Application" library="AppiumLibrary">
<doc>Closes the current application and also close webdriver session.</doc>
<status status="PASS" starttime="20210418 16:10:15.523" endtime="20210418 16:10:16.592"></status>
</kw>
<status status="PASS" starttime="20210418 16:10:15.522" endtime="20210418 16:10:16.592" critical="yes"></status>
</test>
<status status="PASS" starttime="20210418 16:10:08.273" endtime="20210418 16:10:16.594"></status>
</suite>
<statistics>
<total>
<stat pass="2" fail="0">Critical Tests</stat>
<stat pass="2" fail="0">All Tests</stat>
</total>
<tag>
</tag>
<suite>
<stat pass="2" fail="0" id="s1" name="ChooseACategoryTest">ChooseACategoryTest</stat>
</suite>
</statistics>
<errors>
</errors>
</robot>
